<?xml version="1.0" encoding="UTF-8"?>
<!-- Generated by org.testng.reporters.JUnitReportReporter -->
<testsuite hostname="gopi" failures="0" tests="2" name="com.Ninza.Hrm.api.projectTest.ProjectTest" time="13.996" errors="0" timestamp="2026-05-15T16:33:19 IST" skipped="0">
  <testcase classname="com.Ninza.Hrm.api.projectTest.ProjectTest" name="createDuplicateProject" time="2.840"/>
  <testcase classname="com.Ninza.Hrm.api.projectTest.ProjectTest" name="createProject" time="11.156"/>
</testsuite> <!-- com.Ninza.Hrm.api.projectTest.ProjectTest -->
