<?xml version="1.0" encoding="UTF-8"?>
<!-- Generated by org.testng.reporters.JUnitReportReporter -->
<testsuite hostname="gopi" failures="0" tests="2" name="com.Ninza.Hrm.api.projectTest.ProjectTest" time="13.762" errors="0" timestamp="2026-04-22T12:20:49 IST" skipped="0">
  <testcase classname="com.Ninza.Hrm.api.projectTest.ProjectTest" name="createProject" time="12.057"/>
  <testcase classname="com.Ninza.Hrm.api.projectTest.ProjectTest" name="createDuplicateProject" time="1.705"/>
</testsuite> <!-- com.Ninza.Hrm.api.projectTest.ProjectTest -->
