<?xml version="1.0" encoding="UTF-8"?>
<!-- Generated by org.testng.reporters.JUnitXMLReporter -->
<testsuite ignored="3" hostname="gopi" failures="0" tests="2" name="Default test" time="15.776" errors="0" timestamp="2026-04-09T15:26:04 IST">
  <testcase classname="com.Ninza.Hrm.api.projectTest.ProjectTest" name="createProject" time="6.838"/>
  <testcase classname="com.Ninza.Hrm.api.employeeTest.EmployeeTest" name="AddEmployee" time="0.598"/>
  <testcase classname="com.Ninza.Hrm.api.BaseTest.NinzaHrmBaseClass" name="@AfterSuite closeDbConnection" time="0.0">
    <ignored/>
  </testcase> <!-- @AfterSuite closeDbConnection -->
  <testcase classname="com.Ninza.Hrm.api.BaseTest.NinzaHrmBaseClass" name="@BeforeSuite DbConnection" time="0.0">
    <ignored/>
  </testcase> <!-- @BeforeSuite DbConnection -->
  <testcase classname="com.Ninza.Hrm.api.projectTest.ProjectTest" name="createDuplicateProject" time="0.0">
    <ignored/>
  </testcase> <!-- createDuplicateProject -->
</testsuite> <!-- Default test -->
