<?xml version="1.0" encoding="UTF-8"?>
<testng-results ignored="0" total="2" passed="2" failed="0" skipped="0">
  <reporter-output>
  </reporter-output>
  <suite started-at="2026-05-15T16:33:03 IST" name="Default suite" finished-at="2026-05-15T16:33:19 IST" duration-ms="16534">
    <groups>
    </groups>
    <test started-at="2026-05-15T16:33:03 IST" name="Default test" finished-at="2026-05-15T16:33:19 IST" duration-ms="16534">
      <class name="com.Ninza.Hrm.api.projectTest.ProjectTest">
        <test-method is-config="true" signature="DbConnection()[pri:0, instance:com.Ninza.Hrm.api.projectTest.ProjectTest@1fa1cab1]" started-at="2026-05-15T16:33:02 IST" name="DbConnection" finished-at="2026-05-15T16:33:03 IST" duration-ms="963" status="PASS">
          <reporter-output>
          </reporter-output>
        </test-method> <!-- DbConnection -->
        <test-method is-config="true" signature="loginToApplication()[pri:0, instance:com.Ninza.Hrm.api.projectTest.ProjectTest@1fa1cab1]" started-at="2026-05-15T16:33:03 IST" name="loginToApplication" finished-at="2026-05-15T16:33:05 IST" duration-ms="1902" status="PASS">
          <reporter-output>
          </reporter-output>
        </test-method> <!-- loginToApplication -->
        <test-method is-config="true" signature="login()[pri:0, instance:com.Ninza.Hrm.api.projectTest.ProjectTest@1fa1cab1]" started-at="2026-05-15T16:33:05 IST" name="login" finished-at="2026-05-15T16:33:06 IST" duration-ms="1180" status="PASS">
          <reporter-output>
          </reporter-output>
        </test-method> <!-- login -->
        <test-method signature="createProject()[pri:0, instance:com.Ninza.Hrm.api.projectTest.ProjectTest@1fa1cab1]" started-at="2026-05-15T16:33:06 IST" name="createProject" finished-at="2026-05-15T16:33:15 IST" duration-ms="8835" status="PASS">
          <reporter-output>
          </reporter-output>
        </test-method> <!-- createProject -->
        <test-method is-config="true" signature="logout()[pri:0, instance:com.Ninza.Hrm.api.projectTest.ProjectTest@1fa1cab1]" started-at="2026-05-15T16:33:15 IST" name="logout" finished-at="2026-05-15T16:33:16 IST" duration-ms="1141" status="PASS">
          <reporter-output>
          </reporter-output>
        </test-method> <!-- logout -->
        <test-method is-config="true" signature="login()[pri:0, instance:com.Ninza.Hrm.api.projectTest.ProjectTest@1fa1cab1]" started-at="2026-05-15T16:33:16 IST" name="login" finished-at="2026-05-15T16:33:18 IST" duration-ms="1434" status="PASS">
          <reporter-output>
          </reporter-output>
        </test-method> <!-- login -->
        <test-method signature="createDuplicateProject()[pri:0, instance:com.Ninza.Hrm.api.projectTest.ProjectTest@1fa1cab1]" started-at="2026-05-15T16:33:18 IST" name="createDuplicateProject" finished-at="2026-05-15T16:33:18 IST" depends-on-methods="com.Ninza.Hrm.api.projectTest.ProjectTest.createProject" duration-ms="202" status="PASS">
          <reporter-output>
          </reporter-output>
        </test-method> <!-- createDuplicateProject -->
        <test-method is-config="true" signature="logout()[pri:0, instance:com.Ninza.Hrm.api.projectTest.ProjectTest@1fa1cab1]" started-at="2026-05-15T16:33:18 IST" name="logout" finished-at="2026-05-15T16:33:19 IST" duration-ms="1204" status="PASS">
          <reporter-output>
          </reporter-output>
        </test-method> <!-- logout -->
        <test-method is-config="true" signature="closeBrowser()[pri:0, instance:com.Ninza.Hrm.api.projectTest.ProjectTest@1fa1cab1]" started-at="2026-05-15T16:33:19 IST" name="closeBrowser" finished-at="2026-05-15T16:33:19 IST" duration-ms="347" status="PASS">
          <reporter-output>
          </reporter-output>
        </test-method> <!-- closeBrowser -->
        <test-method is-config="true" signature="closeDbConnection()[pri:0, instance:com.Ninza.Hrm.api.projectTest.ProjectTest@1fa1cab1]" started-at="2026-05-15T16:33:19 IST" name="closeDbConnection" finished-at="2026-05-15T16:33:19 IST" duration-ms="0" status="PASS">
          <reporter-output>
          </reporter-output>
        </test-method> <!-- closeDbConnection -->
      </class> <!-- com.Ninza.Hrm.api.projectTest.ProjectTest -->
    </test> <!-- Default test -->
  </suite> <!-- Default suite -->
</testng-results>
